
> tremendous-telescope@0.0.1 build
> astro build

[2m00:04:12[22m [34m[types][39m Generated [2m230ms[22m
[2m00:04:12[22m [34m[build][39m output: [34m"server"[39m
[2m00:04:12[22m [34m[build][39m mode: [34m"server"[39m
[2m00:04:12[22m [34m[build][39m directory: [34mC:\Users\Admin\Desktop\sitedotmoss-astro\tremendous-telescope\dist\[39m
[2m00:04:12[22m [34m[build][39m adapter: [32m@astrojs/vercel[39m
[2m00:04:12[22m [34m[build][39m Collecting build info...
[2m00:04:12[22m [34m[build][39m [32m✓ Completed in 463ms.[39m
[2m00:04:12[22m [34m[build][39m Building server entrypoints...
[2m00:04:15[22m [34m[vite][39m [32m✓ built in 2.73s[39m
[2m00:04:22[22m [34m[vite][39m [32m✓ built in 6.69s[39m
[2m00:04:32[22m [34m[vite][39m [32m✓ built in 9.60s[39m
[2m00:04:32[22m [34m[build][39m Rearranging server assets...
[2m00:04:32[22m [34m[build][39m [32m✓ Completed in 19.55s.[39m
[2m00:04:32[22m [34m[@astrojs/vercel][39m Bundling function ..\..\..\..\dist\server\entry.mjs
[2m00:04:38[22m [34m[build][39m Waiting for integration [1m"@astrojs/vercel"[22m, hook [1m"astro:build:done"[22m...
[2m00:04:53[22m [34m[@astrojs/vercel][39m Copying static files to .vercel/output/static
[2m00:04:53[22m [34m[build][39m Server built in [1m41.62s[22m
[2m00:04:53[22m [34m[build][39m [1mComplete![22m
